2021-11-06 22:30:36,079:INFO:PyCaret Supervised Module
2021-11-06 22:30:36,079:INFO:ML Usecase: regression
2021-11-06 22:30:36,079:INFO:version 2.3.4
2021-11-06 22:30:36,079:INFO:Initializing setup()
2021-11-06 22:30:36,079:INFO:setup(target=charges, ml_usecase=regression, available_plots={'parameter': 'Hyperparameters', 'residuals': 'Residuals', 'error': 'Prediction Error', 'cooks': 'Cooks Distance', 'rfe': 'Feature Selection', 'learning': 'Learning Curve', 'manifold': 'Manifold Learning', 'vc': 'Validation Curve', 'feature': 'Feature Importance', 'feature_all': 'Feature Importance (All)', 'tree': 'Decision Tree', 'residuals_interactive': 'Interactive Residuals'}, train_size=0.7, test_data=None, preprocess=True, imputation_type=simple, iterative_imputation_iters=5, categorical_features=None, categorical_imputation=constant, categorical_iterative_imputer=lightgbm, ordinal_features=None, high_cardinality_features=None, high_cardinality_method=frequency, numeric_features=None, numeric_imputation=mean, numeric_iterative_imputer=lightgbm, date_features=None, ignore_features=None, normalize=True, normalize_method=zscore, transformation=False, transformation_method=yeo-johnson, handle_unknown_categorical=True, unknown_categorical_method=least_frequent, pca=False, pca_method=linear, pca_components=None, ignore_low_variance=False, combine_rare_levels=False, rare_level_threshold=0.1, bin_numeric_features=['age', 'bmi'], remove_outliers=False, outliers_threshold=0.05, remove_multicollinearity=False, multicollinearity_threshold=0.9, remove_perfect_collinearity=True, create_clusters=False, cluster_iter=20, polynomial_features=True, polynomial_degree=2, trigonometry_features=True, polynomial_threshold=0.1, group_features=None, group_names=None, feature_selection=False, feature_selection_threshold=0.8, feature_selection_method=classic, feature_interaction=True, feature_ratio=False, interaction_threshold=0.01, fix_imbalance=False, fix_imbalance_method=None, transform_target=False, transform_target_method=box-cox, data_split_shuffle=True, data_split_stratify=False, fold_strategy=kfold, fold=10, fold_shuffle=False, fold_groups=None, n_jobs=-1, use_gpu=False, custom_pipeline=None, html=True, session_id=123, log_experiment=False, experiment_name=None, log_plots=False, log_profile=False, log_data=False, silent=False, verbose=True, profile=False, profile_kwargs=None, display=None)
2021-11-06 22:30:36,079:INFO:Checking environment
2021-11-06 22:30:36,079:INFO:python_version: 3.8.12
2021-11-06 22:30:36,079:INFO:python_build: ('default', 'Oct 12 2021 06:23:56')
2021-11-06 22:30:36,079:INFO:machine: x86_64
2021-11-06 22:30:36,089:INFO:platform: macOS-10.16-x86_64-i386-64bit
2021-11-06 22:30:36,090:WARNING:cannot find psutil installation. memory not traceable. Install psutil using pip to enable memory logging.
2021-11-06 22:30:36,090:INFO:Checking libraries
2021-11-06 22:30:36,090:INFO:pd==1.3.4
2021-11-06 22:30:36,090:INFO:numpy==1.19.5
2021-11-06 22:30:36,090:INFO:sklearn==0.23.2
2021-11-06 22:30:36,090:INFO:lightgbm==3.3.1
2021-11-06 22:30:36,090:WARNING:catboost not found
2021-11-06 22:30:36,090:WARNING:xgboost not found
2021-11-06 22:30:36,732:INFO:mlflow==1.21.0
2021-11-06 22:30:36,733:INFO:Checking Exceptions
2021-11-06 22:30:36,733:INFO:Declaring global variables
2021-11-06 22:30:36,733:INFO:USI: c70f
2021-11-06 22:30:36,733:INFO:pycaret_globals: {'_all_metrics', 'fold_groups_param_full', 'html_param', 'y_train', '_internal_pipeline', 'logging_param', 'X_test', 'log_plots_param', 'imputation_regressor', 'fold_shuffle_param', 'y_test', 'y', 'display_container', 'transform_target_method_param', '_ml_usecase', 'USI', 'X_train', 'pycaret_globals', 'transform_target_param', 'X', 'exp_name_log', 'fold_generator', 'fold_param', '_all_models_internal', '_all_models', 'master_model_container', 'stratify_param', 'prep_pipe', 'target_param', 'fix_imbalance_method_param', '_available_plots', 'create_model_container', 'fold_groups_param', 'gpu_param', 'iterative_imputation_iters_param', 'fix_imbalance_param', '_gpu_n_jobs_param', 'seed', 'experiment__', 'imputation_classifier', 'data_before_preprocess', 'n_jobs_param'}
2021-11-06 22:30:36,733:INFO:Preparing display monitor
2021-11-06 22:30:36,733:INFO:Preparing display monitor
2021-11-06 22:30:36,740:INFO:Importing libraries
2021-11-06 22:30:36,740:INFO:Copying data for preprocessing
2021-11-06 22:30:36,743:INFO:Declaring preprocessing parameters
2021-11-06 22:30:36,744:INFO:Creating preprocessing pipeline
2021-11-06 22:30:36,749:INFO:Preprocessing pipeline created successfully
2021-11-06 22:30:36,749:ERROR:(Process Exit): setup has been interupted with user command 'quit'. setup must rerun.
2021-11-06 22:30:36,749:INFO:Creating global containers
2021-11-06 22:30:36,750:INFO:Internal pipeline: Pipeline(memory=None, steps=[('empty_step', 'passthrough')], verbose=False)
2021-11-06 22:30:38,111:WARNING:Couldn't import xgboost.XGBRegressor
2021-11-06 22:30:38,112:WARNING:Couldn't import catboost.CatBoostRegressor
2021-11-06 22:30:38,203:WARNING:Couldn't import xgboost.XGBRegressor
2021-11-06 22:30:38,204:WARNING:Couldn't import catboost.CatBoostRegressor
2021-11-06 22:30:38,204:INFO:Creating grid variables
2021-11-06 22:30:38,206:INFO:create_model_container: 0
2021-11-06 22:30:38,206:INFO:master_model_container: 0
2021-11-06 22:30:38,207:INFO:display_container: 1
2021-11-06 22:30:38,216:INFO:Pipeline(memory=None,
         steps=[('dtypes',
                 DataTypes_Auto_infer(categorical_features=[],
                                      display_types=True, features_todrop=[],
                                      id_columns=[], ml_usecase='regression',
                                      numerical_features=[], target='charges',
                                      time_features=[])),
                ('imputer',
                 Simple_Imputer(categorical_strategy='not_available',
                                fill_value_categorical=None,
                                fill_value_numerical=None,
                                numeric_strategy...
                ('dummy', Dummify(target='charges')),
                ('fix_perfect', Remove_100(target='charges')),
                ('clean_names', Clean_Colum_Names()),
                ('feature_select', 'passthrough'), ('fix_multi', 'passthrough'),
                ('dfs',
                 DFS_Classic(interactions=['multiply'], ml_usecase='regression',
                             n_jobs=-1, random_state=123, subclass='binary',
                             target='charges',
                             top_features_to_pick_percentage=None)),
                ('pca', 'passthrough')],
         verbose=False)
2021-11-06 22:30:38,216:INFO:setup() succesfully completed......................................
2021-11-06 22:30:38,277:INFO:Initializing create_model()
2021-11-06 22:30:38,277:INFO:create_model(estimator=lr, fold=None, round=4, cross_validation=True, predict=True, fit_kwargs=None, groups=None, refit=True, verbose=True, system=True, metrics=None, add_to_model_list=True, display=None, kwargs={})
2021-11-06 22:30:38,277:INFO:Checking exceptions
2021-11-06 22:30:38,277:INFO:Preparing display monitor
2021-11-06 22:30:38,291:INFO:Importing libraries
2021-11-06 22:30:38,291:INFO:Copying training dataset
2021-11-06 22:30:38,291:INFO:Defining folds
2021-11-06 22:30:38,291:INFO:Declaring metric variables
2021-11-06 22:30:38,300:INFO:Importing untrained model
2021-11-06 22:30:38,308:INFO:Linear Regression Imported succesfully
2021-11-06 22:30:38,324:INFO:Starting cross validation
2021-11-06 22:30:38,327:INFO:Cross validating with KFold(n_splits=10, random_state=None, shuffle=False), n_jobs=-1
2021-11-06 22:30:40,269:INFO:Calculating mean and std
2021-11-06 22:30:40,270:INFO:Creating metrics dataframe
2021-11-06 22:30:40,288:INFO:Finalizing model
2021-11-06 22:30:40,297:INFO:Uploading results into container
2021-11-06 22:30:40,297:INFO:Uploading model into container now
2021-11-06 22:30:40,297:INFO:create_model_container: 1
2021-11-06 22:30:40,297:INFO:master_model_container: 1
2021-11-06 22:30:40,297:INFO:display_container: 2
2021-11-06 22:30:40,297:INFO:LinearRegression(copy_X=True, fit_intercept=True, n_jobs=-1, normalize=False)
2021-11-06 22:30:40,297:INFO:create_model() succesfully completed......................................
2021-11-06 22:30:40,368:INFO:Initializing plot_model()
2021-11-06 22:30:40,368:INFO:plot_model(fold=None, use_train_data=False, verbose=True, is_in_evaluate=False, display=None, display_format=None, estimator=LinearRegression(copy_X=True, fit_intercept=True, n_jobs=-1, normalize=False), feature_name=None, fit_kwargs=None, groups=None, label=False, plot=residuals, save=False, scale=1, system=True)
2021-11-06 22:30:40,368:INFO:Checking exceptions
2021-11-06 22:30:40,368:INFO:Preparing display monitor
2021-11-06 22:30:40,372:INFO:Preloading libraries
2021-11-06 22:30:40,372:INFO:Copying training dataset
2021-11-06 22:30:40,373:INFO:Copying test dataset
2021-11-06 22:30:40,373:INFO:Plot type: residuals
2021-11-06 22:30:41,118:INFO:Fitting Model
2021-11-06 22:30:41,149:INFO:Scoring test/hold-out set
2021-11-06 22:30:47,264:INFO:Visual Rendered Successfully
2021-11-06 22:30:47,328:INFO:plot_model() succesfully completed......................................
2021-11-06 22:30:47,337:INFO:Initializing save_model()
2021-11-06 22:30:47,338:INFO:save_model(model=LinearRegression(copy_X=True, fit_intercept=True, n_jobs=-1, normalize=False), model_name=model, prep_pipe_=Pipeline(memory=None,
         steps=[('dtypes',
                 DataTypes_Auto_infer(categorical_features=[],
                                      display_types=True, features_todrop=[],
                                      id_columns=[], ml_usecase='regression',
                                      numerical_features=[], target='charges',
                                      time_features=[])),
                ('imputer',
                 Simple_Imputer(categorical_strategy='not_available',
                                fill_value_categorical=None,
                                fill_value_numerical=None,
                                numeric_strategy...
                ('dummy', Dummify(target='charges')),
                ('fix_perfect', Remove_100(target='charges')),
                ('clean_names', Clean_Colum_Names()),
                ('feature_select', 'passthrough'), ('fix_multi', 'passthrough'),
                ('dfs',
                 DFS_Classic(interactions=['multiply'], ml_usecase='regression',
                             n_jobs=-1, random_state=123, subclass='binary',
                             target='charges',
                             top_features_to_pick_percentage=None)),
                ('pca', 'passthrough')],
         verbose=False), verbose=True, kwargs={})
2021-11-06 22:30:47,338:INFO:Adding model into prep_pipe
2021-11-06 22:30:47,354:INFO:model.pkl saved in current working directory
2021-11-06 22:30:47,362:INFO:Pipeline(memory=None,
         steps=[('dtypes',
                 DataTypes_Auto_infer(categorical_features=[],
                                      display_types=True, features_todrop=[],
                                      id_columns=[], ml_usecase='regression',
                                      numerical_features=[], target='charges',
                                      time_features=[])),
                ('imputer',
                 Simple_Imputer(categorical_strategy='not_available',
                                fill_value_categorical=None,
                                fill_value_numerical=None,
                                numeric_strategy...
                ('feature_select', 'passthrough'), ('fix_multi', 'passthrough'),
                ('dfs',
                 DFS_Classic(interactions=['multiply'], ml_usecase='regression',
                             n_jobs=-1, random_state=123, subclass='binary',
                             target='charges',
                             top_features_to_pick_percentage=None)),
                ('pca', 'passthrough'),
                ['trained_model',
                 LinearRegression(copy_X=True, fit_intercept=True, n_jobs=-1,
                                  normalize=False)]],
         verbose=False)
2021-11-06 22:30:47,362:INFO:save_model() successfully completed......................................
